<?xml version="1.0" encoding="UTF-8"?>
<testsuite xmlns:xsi="http://www.w3.org/2001/XMLSchema-instance" xsi:noNamespaceSchemaLocation="https://maven.apache.org/surefire/maven-surefire-plugin/xsd/surefire-test-report-3.0.xsd" version="3.0" name="acmemedical.TestACMEMedicalSystem" time="0.736" tests="1" errors="0" skipped="0" failures="1">
  <properties>
[...]
</properties>
  <testcase name="test01_all_physicians_with_adminrole" classname="acmemedical.TestACMEMedicalSystem" time="0.444">
    <failure type="java.lang.AssertionError"><![CDATA[java.lang.AssertionError: 

Expected: is <200>
     but: was <404>
	at acmemedical.TestACMEMedicalSystem.test01_all_physicians_with_adminrole(TestACMEMedicalSystem.java:94)
]]></failure>
    <system-out><![CDATA[   acmemedical.TestACMEMedicalSystem | oneTimeSetUp]]></system-out>
  </testcase>
</testsuite>